[debug] [2023-12-28T21:33:43.654Z] ----------------------------------------------------------------------
[debug] [2023-12-28T21:33:43.657Z] Command:       C:\Program Files\nodejs\node.exe C:\Users\vital\AppData\Roaming\npm\node_modules\firebase-tools\lib\bin\firebase.js init
[debug] [2023-12-28T21:33:43.658Z] CLI Version:   13.0.2
[debug] [2023-12-28T21:33:43.658Z] Platform:      win32
[debug] [2023-12-28T21:33:43.658Z] Node Version:  v20.10.0
[debug] [2023-12-28T21:33:43.658Z] Time:          Thu Dec 28 2023 16:33:43 GMT-0500 (Eastern Standard Time)
[debug] [2023-12-28T21:33:43.659Z] ----------------------------------------------------------------------
[debug] 
[debug] [2023-12-28T21:33:43.664Z] >>> [apiv2][query] GET https://firebase-public.firebaseio.com/cli.json [none]
[debug] [2023-12-28T21:33:43.805Z] > command requires scopes: ["email","openid","https://www.googleapis.com/auth/cloudplatformprojects.readonly","https://www.googleapis.com/auth/firebase","https://www.googleapis.com/auth/cloud-platform"]
[debug] [2023-12-28T21:33:43.806Z] > authorizing via signed-in user (vitalii.skorokhod@gmail.com)
[info] 
     ######## #### ########  ######## ########     ###     ######  ########
     ##        ##  ##     ## ##       ##     ##  ##   ##  ##       ##
     ######    ##  ########  ######   ########  #########  ######  ######
     ##        ##  ##    ##  ##       ##     ## ##     ##       ## ##
     ##       #### ##     ## ######## ########  ##     ##  ######  ########

You're about to initialize a Firebase project in this directory:

  D:\_git\bike-store

Before we get started, keep in mind:

  * You are initializing within an existing Firebase project directory

[debug] [2023-12-28T21:33:43.985Z] <<< [apiv2][status] GET https://firebase-public.firebaseio.com/cli.json 200
[debug] [2023-12-28T21:33:43.986Z] <<< [apiv2][body] GET https://firebase-public.firebaseio.com/cli.json {"cloudBuildErrorAfter":1594252800000,"cloudBuildWarnAfter":1590019200000,"defaultNode10After":1594252800000,"minVersion":"3.0.5","node8DeploysDisabledAfter":1613390400000,"node8RuntimeDisabledAfter":1615809600000,"node8WarnAfter":1600128000000}
